<?xml version="1.0" encoding="UTF-8"?>
<!-- Generated by org.testng.reporters.JUnitReportReporter -->
<testsuite skipped="0" hostname="DESKTOP-P75MMOV" name="test_runner.TestRunner" tests="1" failures="0" timestamp="2021-07-19T14:46:44 CAT" time="2.357" errors="1">
  <testcase name="before" time="2.357" classname="test_runner.TestRunner">
    <error type="java.lang.StackOverflowError">
      <![CDATA[java.lang.StackOverflowError
at utils.logs.Log.info(Log.java:13)
at utils.logs.Log.info(Log.java:13)
at utils.logs.Log.info(Log.java:13)
at utils.logs.Log.info(Log.java:13)
at utils.logs.Log.info(Log.java:13)
at utils.logs.Log.info(Log.java:13)
at utils.logs.Log.info(Log.java:13)
at utils.logs.Log.info(Log.java:13)
at utils.logs.Log.info(Log.java:13)
at utils.logs.Log.info(Log.java:13)
at utils.logs.Log.info(Log.java:13)
at utils.logs.Log.info(Log.java:13)
at utils.logs.Log.info(Log.java:13)
at utils.logs.Log.info(Log.java:13)
at utils.logs.Log.info(Log.java:13)
at utils.logs.Log.info(Log.java:13)
at utils.logs.Log.info(Log.java:13)
at utils.logs.Log.info(Log.java:13)
at utils.logs.Log.info(Log.java:13)
at utils.logs.Log.info(Log.java:13)
at utils.logs.Log.info(Log.java:13)
at utils.logs.Log.info(Log.java:13)
at utils.logs.Log.info(Log.java:13)
at utils.logs.Log.info(Log.java:13)
at utils.logs.Log.info(Log.java:13)
at utils.logs.Log.info(Log.java:13)
at utils.logs.Log.info(Log.java:13)
at utils.logs.Log.info(Log.java:13)
at utils.logs.Log.info(Log.java:13)
at utils.logs.Log.info(Log.java:13)
at utils.logs.Log.info(Log.java:13)
at utils.logs.Log.info(Log.java:13)
at utils.logs.Log.info(Log.java:13)
at utils.logs.Log.info(Log.java:13)
at utils.logs.Log.info(Log.java:13)
at utils.logs.Log.info(Log.java:13)
at utils.logs.Log.info(Log.java:13)
at utils.logs.Log.info(Log.java:13)
at utils.logs.Log.info(Log.java:13)
at utils.logs.Log.info(Log.java:13)
at utils.logs.Log.info(Log.java:13)
at utils.logs.Log.info(Log.java:13)
at utils.logs.Log.info(Log.java:13)
at utils.logs.Log.info(Log.java:13)
at utils.logs.Log.info(Log.java:13)
at utils.logs.Log.info(Log.java:13)
at utils.logs.Log.info(Log.java:13)
at utils.logs.Log.info(Log.java:13)
at utils.logs.Log.info(Log.java:13)
at utils.logs.Log.info(Log.java:13)
at utils.logs.Log.info(Log.java:13)
at utils.logs.Log.info(Log.java:13)
at utils.logs.Log.info(Log.java:13)
at utils.logs.Log.info(Log.java:13)
at utils.logs.Log.info(Log.java:13)
at utils.logs.Log.info(Log.java:13)
at utils.logs.Log.info(Log.java:13)
at utils.logs.Log.info(Log.java:13)
at utils.logs.Log.info(Log.java:13)
at utils.logs.Log.info(Log.java:13)
at utils.logs.Log.info(Log.java:13)
at utils.logs.Log.info(Log.java:13)
at utils.logs.Log.info(Log.java:13)
at utils.logs.Log.info(Log.java:13)
at utils.logs.Log.info(Log.java:13)
at utils.logs.Log.info(Log.java:13)
at utils.logs.Log.info(Log.java:13)
at utils.logs.Log.info(Log.java:13)
at utils.logs.Log.info(Log.java:13)
at utils.logs.Log.info(Log.java:13)
at utils.logs.Log.info(Log.java:13)
at utils.logs.Log.info(Log.java:13)
at utils.logs.Log.info(Log.java:13)
at utils.logs.Log.info(Log.java:13)
at utils.logs.Log.info(Log.java:13)
at utils.logs.Log.info(Log.java:13)
at utils.logs.Log.info(Log.java:13)
at utils.logs.Log.info(Log.java:13)
at utils.logs.Log.info(Log.java:13)
at utils.logs.Log.info(Log.java:13)
at utils.logs.Log.info(Log.java:13)
at utils.logs.Log.info(Log.java:13)
at utils.logs.Log.info(Log.java:13)
at utils.logs.Log.info(Log.java:13)
at utils.logs.Log.info(Log.java:13)
at utils.logs.Log.info(Log.java:13)
at utils.logs.Log.info(Log.java:13)
at utils.logs.Log.info(Log.java:13)
at utils.logs.Log.info(Log.java:13)
at utils.logs.Log.info(Log.java:13)
at utils.logs.Log.info(Log.java:13)
at utils.logs.Log.info(Log.java:13)
at utils.logs.Log.info(Log.java:13)
at utils.logs.Log.info(Log.java:13)
at utils.logs.Log.info(Log.java:13)
at utils.logs.Log.info(Log.java:13)
at utils.logs.Log.info(Log.java:13)
at utils.logs.Log.info(Log.java:13)
at utils.logs.Log.info(Log.java:13)
at utils.logs.Log.info(Log.java:13)
at utils.logs.Log.info(Log.java:13)
at utils.logs.Log.info(Log.java:13)
at utils.logs.Log.info(Log.java:13)
at utils.logs.Log.info(Log.java:13)
at utils.logs.Log.info(Log.java:13)
at utils.logs.Log.info(Log.java:13)
at utils.logs.Log.info(Log.java:13)
at utils.logs.Log.info(Log.java:13)
at utils.logs.Log.info(Log.java:13)
at utils.logs.Log.info(Log.java:13)
at utils.logs.Log.info(Log.java:13)
at utils.logs.Log.info(Log.java:13)
at utils.logs.Log.info(Log.java:13)
at utils.logs.Log.info(Log.java:13)
at utils.logs.Log.info(Log.java:13)
at utils.logs.Log.info(Log.java:13)
at utils.logs.Log.info(Log.java:13)
at utils.logs.Log.info(Log.java:13)
at utils.logs.Log.info(Log.java:13)
at utils.logs.Log.info(Log.java:13)
at utils.logs.Log.info(Log.java:13)
at utils.logs.Log.info(Log.java:13)
at utils.logs.Log.info(Log.java:13)
at utils.logs.Log.info(Log.java:13)
at utils.logs.Log.info(Log.java:13)
at utils.logs.Log.info(Log.java:13)
at utils.logs.Log.info(Log.java:13)
at utils.logs.Log.info(Log.java:13)
at utils.logs.Log.info(Log.java:13)
at utils.logs.Log.info(Log.java:13)
at utils.logs.Log.info(Log.java:13)
at utils.logs.Log.info(Log.java:13)
at utils.logs.Log.info(Log.java:13)
at utils.logs.Log.info(Log.java:13)
at utils.logs.Log.info(Log.java:13)
at utils.logs.Log.info(Log.java:13)
at utils.logs.Log.info(Log.java:13)
at utils.logs.Log.info(Log.java:13)
at utils.logs.Log.info(Log.java:13)
at utils.logs.Log.info(Log.java:13)
at utils.logs.Log.info(Log.java:13)
at utils.logs.Log.info(Log.java:13)
at utils.logs.Log.info(Log.java:13)
at utils.logs.Log.info(Log.java:13)
at utils.logs.Log.info(Log.java:13)
at utils.logs.Log.info(Log.java:13)
at utils.logs.Log.info(Log.java:13)
at utils.logs.Log.info(Log.java:13)
at utils.logs.Log.info(Log.java:13)
at utils.logs.Log.info(Log.java:13)
at utils.logs.Log.info(Log.java:13)
at utils.logs.Log.info(Log.java:13)
at utils.logs.Log.info(Log.java:13)
at utils.logs.Log.info(Log.java:13)
at utils.logs.Log.info(Log.java:13)
at utils.logs.Log.info(Log.java:13)
at utils.logs.Log.info(Log.java:13)
at utils.logs.Log.info(Log.java:13)
at utils.logs.Log.info(Log.java:13)
at utils.logs.Log.info(Log.java:13)
at utils.logs.Log.info(Log.java:13)
at utils.logs.Log.info(Log.java:13)
at utils.logs.Log.info(Log.java:13)
at utils.logs.Log.info(Log.java:13)
at utils.logs.Log.info(Log.java:13)
at utils.logs.Log.info(Log.java:13)
at utils.logs.Log.info(Log.java:13)
at utils.logs.Log.info(Log.java:13)
at utils.logs.Log.info(Log.java:13)
at utils.logs.Log.info(Log.java:13)
at utils.logs.Log.info(Log.java:13)
at utils.logs.Log.info(Log.java:13)
at utils.logs.Log.info(Log.java:13)
at utils.logs.Log.info(Log.java:13)
at utils.logs.Log.info(Log.java:13)
at utils.logs.Log.info(Log.java:13)
at utils.logs.Log.info(Log.java:13)
at utils.logs.Log.info(Log.java:13)
at utils.logs.Log.info(Log.java:13)
at utils.logs.Log.info(Log.java:13)
at utils.logs.Log.info(Log.java:13)
at utils.logs.Log.info(Log.java:13)
at utils.logs.Log.info(Log.java:13)
at utils.logs.Log.info(Log.java:13)
at utils.logs.Log.info(Log.java:13)
at utils.logs.Log.info(Log.java:13)
at utils.logs.Log.info(Log.java:13)
at utils.logs.Log.info(Log.java:13)
at utils.logs.Log.info(Log.java:13)
at utils.logs.Log.info(Log.java:13)
at utils.logs.Log.info(Log.java:13)
at utils.logs.Log.info(Log.java:13)
at utils.logs.Log.info(Log.java:13)
at utils.logs.Log.info(Log.java:13)
at utils.logs.Log.info(Log.java:13)
at utils.logs.Log.info(Log.java:13)
at utils.logs.Log.info(Log.java:13)
at utils.logs.Log.info(Log.java:13)
at utils.logs.Log.info(Log.java:13)
at utils.logs.Log.info(Log.java:13)
at utils.logs.Log.info(Log.java:13)
at utils.logs.Log.info(Log.java:13)
at utils.logs.Log.info(Log.java:13)
at utils.logs.Log.info(Log.java:13)
at utils.logs.Log.info(Log.java:13)
at utils.logs.Log.info(Log.java:13)
at utils.logs.Log.info(Log.java:13)
at utils.logs.Log.info(Log.java:13)
at utils.logs.Log.info(Log.java:13)
at utils.logs.Log.info(Log.java:13)
at utils.logs.Log.info(Log.java:13)
at utils.logs.Log.info(Log.java:13)
at utils.logs.Log.info(Log.java:13)
at utils.logs.Log.info(Log.java:13)
at utils.logs.Log.info(Log.java:13)
at utils.logs.Log.info(Log.java:13)
at utils.logs.Log.info(Log.java:13)
at utils.logs.Log.info(Log.java:13)
at utils.logs.Log.info(Log.java:13)
at utils.logs.Log.info(Log.java:13)
at utils.logs.Log.info(Log.java:13)
at utils.logs.Log.info(Log.java:13)
at utils.logs.Log.info(Log.java:13)
at utils.logs.Log.info(Log.java:13)
at utils.logs.Log.info(Log.java:13)
at utils.logs.Log.info(Log.java:13)
at utils.logs.Log.info(Log.java:13)
at utils.logs.Log.info(Log.java:13)
at utils.logs.Log.info(Log.java:13)
at utils.logs.Log.info(Log.java:13)
at utils.logs.Log.info(Log.java:13)
at utils.logs.Log.info(Log.java:13)
at utils.logs.Log.info(Log.java:13)
at utils.logs.Log.info(Log.java:13)
at utils.logs.Log.info(Log.java:13)
at utils.logs.Log.info(Log.java:13)
at utils.logs.Log.info(Log.java:13)
at utils.logs.Log.info(Log.java:13)
at utils.logs.Log.info(Log.java:13)
at utils.logs.Log.info(Log.java:13)
at utils.logs.Log.info(Log.java:13)
at utils.logs.Log.info(Log.java:13)
at utils.logs.Log.info(Log.java:13)
at utils.logs.Log.info(Log.java:13)
at utils.logs.Log.info(Log.java:13)
at utils.logs.Log.info(Log.java:13)
at utils.logs.Log.info(Log.java:13)
at utils.logs.Log.info(Log.java:13)
at utils.logs.Log.info(Log.java:13)
at utils.logs.Log.info(Log.java:13)
at utils.logs.Log.info(Log.java:13)
at utils.logs.Log.info(Log.java:13)
at utils.logs.Log.info(Log.java:13)
at utils.logs.Log.info(Log.java:13)
at utils.logs.Log.info(Log.java:13)
at utils.logs.Log.info(Log.java:13)
at utils.logs.Log.info(Log.java:13)
at utils.logs.Log.info(Log.java:13)
at utils.logs.Log.info(Log.java:13)
at utils.logs.Log.info(Log.java:13)
at utils.logs.Log.info(Log.java:13)
at utils.logs.Log.info(Log.java:13)
at utils.logs.Log.info(Log.java:13)
at utils.logs.Log.info(Log.java:13)
at utils.logs.Log.info(Log.java:13)
at utils.logs.Log.info(Log.java:13)
at utils.logs.Log.info(Log.java:13)
at utils.logs.Log.info(Log.java:13)
at utils.logs.Log.info(Log.java:13)
at utils.logs.Log.info(Log.java:13)
at utils.logs.Log.info(Log.java:13)
at utils.logs.Log.info(Log.java:13)
at utils.logs.Log.info(Log.java:13)
at utils.logs.Log.info(Log.java:13)
at utils.logs.Log.info(Log.java:13)
at utils.logs.Log.info(Log.java:13)
at utils.logs.Log.info(Log.java:13)
at utils.logs.Log.info(Log.java:13)
at utils.logs.Log.info(Log.java:13)
at utils.logs.Log.info(Log.java:13)
at utils.logs.Log.info(Log.java:13)
at utils.logs.Log.info(Log.java:13)
at utils.logs.Log.info(Log.java:13)
at utils.logs.Log.info(Log.java:13)
at utils.logs.Log.info(Log.java:13)
at utils.logs.Log.info(Log.java:13)
at utils.logs.Log.info(Log.java:13)
at utils.logs.Log.info(Log.java:13)
at utils.logs.Log.info(Log.java:13)
at utils.logs.Log.info(Log.java:13)
at utils.logs.Log.info(Log.java:13)
at utils.logs.Log.info(Log.java:13)
at utils.logs.Log.info(Log.java:13)
at utils.logs.Log.info(Log.java:13)
at utils.logs.Log.info(Log.java:13)
at utils.logs.Log.info(Log.java:13)
at utils.logs.Log.info(Log.java:13)
at utils.logs.Log.info(Log.java:13)
at utils.logs.Log.info(Log.java:13)
at utils.logs.Log.info(Log.java:13)
at utils.logs.Log.info(Log.java:13)
at utils.logs.Log.info(Log.java:13)
at utils.logs.Log.info(Log.java:13)
at utils.logs.Log.info(Log.java:13)
at utils.logs.Log.info(Log.java:13)
at utils.logs.Log.info(Log.java:13)
at utils.logs.Log.info(Log.java:13)
at utils.logs.Log.info(Log.java:13)
at utils.logs.Log.info(Log.java:13)
at utils.logs.Log.info(Log.java:13)
at utils.logs.Log.info(Log.java:13)
at utils.logs.Log.info(Log.java:13)
at utils.logs.Log.info(Log.java:13)
at utils.logs.Log.info(Log.java:13)
at utils.logs.Log.info(Log.java:13)
at utils.logs.Log.info(Log.java:13)
at utils.logs.Log.info(Log.java:13)
at utils.logs.Log.info(Log.java:13)
at utils.logs.Log.info(Log.java:13)
at utils.logs.Log.info(Log.java:13)
at utils.logs.Log.info(Log.java:13)
at utils.logs.Log.info(Log.java:13)
at utils.logs.Log.info(Log.java:13)
at utils.logs.Log.info(Log.java:13)
at utils.logs.Log.info(Log.java:13)
at utils.logs.Log.info(Log.java:13)
at utils.logs.Log.info(Log.java:13)
at utils.logs.Log.info(Log.java:13)
at utils.logs.Log.info(Log.java:13)
at utils.logs.Log.info(Log.java:13)
at utils.logs.Log.info(Log.java:13)
at utils.logs.Log.info(Log.java:13)
at utils.logs.Log.info(Log.java:13)
at utils.logs.Log.info(Log.java:13)
at utils.logs.Log.info(Log.java:13)
at utils.logs.Log.info(Log.java:13)
at utils.logs.Log.info(Log.java:13)
at utils.logs.Log.info(Log.java:13)
at utils.logs.Log.info(Log.java:13)
at utils.logs.Log.info(Log.java:13)
at utils.logs.Log.info(Log.java:13)
at utils.logs.Log.info(Log.java:13)
at utils.logs.Log.info(Log.java:13)
at utils.logs.Log.info(Log.java:13)
at utils.logs.Log.info(Log.java:13)
at utils.logs.Log.info(Log.java:13)
at utils.logs.Log.info(Log.java:13)
at utils.logs.Log.info(Log.java:13)
at utils.logs.Log.info(Log.java:13)
at utils.logs.Log.info(Log.java:13)
at utils.logs.Log.info(Log.java:13)
at utils.logs.Log.info(Log.java:13)
at utils.logs.Log.info(Log.java:13)
at utils.logs.Log.info(Log.java:13)
at utils.logs.Log.info(Log.java:13)
at utils.logs.Log.info(Log.java:13)
at utils.logs.Log.info(Log.java:13)
at utils.logs.Log.info(Log.java:13)
at utils.logs.Log.info(Log.java:13)
at utils.logs.Log.info(Log.java:13)
at utils.logs.Log.info(Log.java:13)
at utils.logs.Log.info(Log.java:13)
at utils.logs.Log.info(Log.java:13)
at utils.logs.Log.info(Log.java:13)
at utils.logs.Log.info(Log.java:13)
at utils.logs.Log.info(Log.java:13)
at utils.logs.Log.info(Log.java:13)
at utils.logs.Log.info(Log.java:13)
at utils.logs.Log.info(Log.java:13)
at utils.logs.Log.info(Log.java:13)
at utils.logs.Log.info(Log.java:13)
at utils.logs.Log.info(Log.java:13)
at utils.logs.Log.info(Log.java:13)
at utils.logs.Log.info(Log.java:13)
at utils.logs.Log.info(Log.java:13)
at utils.logs.Log.info(Log.java:13)
at utils.logs.Log.info(Log.java:13)
at utils.logs.Log.info(Log.java:13)
at utils.logs.Log.info(Log.java:13)
at utils.logs.Log.info(Log.java:13)
at utils.logs.Log.info(Log.java:13)
at utils.logs.Log.info(Log.java:13)
at utils.logs.Log.info(Log.java:13)
at utils.logs.Log.info(Log.java:13)
at utils.logs.Log.info(Log.java:13)
at utils.logs.Log.info(Log.java:13)
at utils.logs.Log.info(Log.java:13)
at utils.logs.Log.info(Log.java:13)
at utils.logs.Log.info(Log.java:13)
at utils.logs.Log.info(Log.java:13)
at utils.logs.Log.info(Log.java:13)
at utils.logs.Log.info(Log.java:13)
at utils.logs.Log.info(Log.java:13)
at utils.logs.Log.info(Log.java:13)
at utils.logs.Log.info(Log.java:13)
at utils.logs.Log.info(Log.java:13)
at utils.logs.Log.info(Log.java:13)
at utils.logs.Log.info(Log.java:13)
at utils.logs.Log.info(Log.java:13)
at utils.logs.Log.info(Log.java:13)
at utils.logs.Log.info(Log.java:13)
at utils.logs.Log.info(Log.java:13)
at utils.logs.Log.info(Log.java:13)
at utils.logs.Log.info(Log.java:13)
at utils.logs.Log.info(Log.java:13)
at utils.logs.Log.info(Log.java:13)
at utils.logs.Log.info(Log.java:13)
at utils.logs.Log.info(Log.java:13)
at utils.logs.Log.info(Log.java:13)
at utils.logs.Log.info(Log.java:13)
at utils.logs.Log.info(Log.java:13)
at utils.logs.Log.info(Log.java:13)
at utils.logs.Log.info(Log.java:13)
at utils.logs.Log.info(Log.java:13)
at utils.logs.Log.info(Log.java:13)
at utils.logs.Log.info(Log.java:13)
at utils.logs.Log.info(Log.java:13)
at utils.logs.Log.info(Log.java:13)
at utils.logs.Log.info(Log.java:13)
at utils.logs.Log.info(Log.java:13)
at utils.logs.Log.info(Log.java:13)
at utils.logs.Log.info(Log.java:13)
at utils.logs.Log.info(Log.java:13)
at utils.logs.Log.info(Log.java:13)
at utils.logs.Log.info(Log.java:13)
at utils.logs.Log.info(Log.java:13)
at utils.logs.Log.info(Log.java:13)
at utils.logs.Log.info(Log.java:13)
at utils.logs.Log.info(Log.java:13)
at utils.logs.Log.info(Log.java:13)
at utils.logs.Log.info(Log.java:13)
at utils.logs.Log.info(Log.java:13)
at utils.logs.Log.info(Log.java:13)
at utils.logs.Log.info(Log.java:13)
at utils.logs.Log.info(Log.java:13)
at utils.logs.Log.info(Log.java:13)
at utils.logs.Log.info(Log.java:13)
at utils.logs.Log.info(Log.java:13)
at utils.logs.Log.info(Log.java:13)
at utils.logs.Log.info(Log.java:13)
at utils.logs.Log.info(Log.java:13)
at utils.logs.Log.info(Log.java:13)
at utils.logs.Log.info(Log.java:13)
at utils.logs.Log.info(Log.java:13)
at utils.logs.Log.info(Log.java:13)
at utils.logs.Log.info(Log.java:13)
at utils.logs.Log.info(Log.java:13)
at utils.logs.Log.info(Log.java:13)
at utils.logs.Log.info(Log.java:13)
at utils.logs.Log.info(Log.java:13)
at utils.logs.Log.info(Log.java:13)
at utils.logs.Log.info(Log.java:13)
at utils.logs.Log.info(Log.java:13)
at utils.logs.Log.info(Log.java:13)
at utils.logs.Log.info(Log.java:13)
at utils.logs.Log.info(Log.java:13)
at utils.logs.Log.info(Log.java:13)
at utils.logs.Log.info(Log.java:13)
at utils.logs.Log.info(Log.java:13)
at utils.logs.Log.info(Log.java:13)
at utils.logs.Log.info(Log.java:13)
at utils.logs.Log.info(Log.java:13)
at utils.logs.Log.info(Log.java:13)
at utils.logs.Log.info(Log.java:13)
at utils.logs.Log.info(Log.java:13)
at utils.logs.Log.info(Log.java:13)
at utils.logs.Log.info(Log.java:13)
at utils.logs.Log.info(Log.java:13)
at utils.logs.Log.info(Log.java:13)
at utils.logs.Log.info(Log.java:13)
at utils.logs.Log.info(Log.java:13)
at utils.logs.Log.info(Log.java:13)
at utils.logs.Log.info(Log.java:13)
at utils.logs.Log.info(Log.java:13)
at utils.logs.Log.info(Log.java:13)
at utils.logs.Log.info(Log.java:13)
at utils.logs.Log.info(Log.java:13)
at utils.logs.Log.info(Log.java:13)
at utils.logs.Log.info(Log.java:13)
at utils.logs.Log.info(Log.java:13)
at utils.logs.Log.info(Log.java:13)
at utils.logs.Log.info(Log.java:13)
at utils.logs.Log.info(Log.java:13)
at utils.logs.Log.info(Log.java:13)
at utils.logs.Log.info(Log.java:13)
at utils.logs.Log.info(Log.java:13)
at utils.logs.Log.info(Log.java:13)
at utils.logs.Log.info(Log.java:13)
at utils.logs.Log.info(Log.java:13)
at utils.logs.Log.info(Log.java:13)
at utils.logs.Log.info(Log.java:13)
at utils.logs.Log.info(Log.java:13)
at utils.logs.Log.info(Log.java:13)
at utils.logs.Log.info(Log.java:13)
at utils.logs.Log.info(Log.java:13)
at utils.logs.Log.info(Log.java:13)
at utils.logs.Log.info(Log.java:13)
at utils.logs.Log.info(Log.java:13)
at utils.logs.Log.info(Log.java:13)
at utils.logs.Log.info(Log.java:13)
at utils.logs.Log.info(Log.java:13)
at utils.logs.Log.info(Log.java:13)
at utils.logs.Log.info(Log.java:13)
at utils.logs.Log.info(Log.java:13)
at utils.logs.Log.info(Log.java:13)
at utils.logs.Log.info(Log.java:13)
at utils.logs.Log.info(Log.java:13)
at utils.logs.Log.info(Log.java:13)
at utils.logs.Log.info(Log.java:13)
at utils.logs.Log.info(Log.java:13)
at utils.logs.Log.info(Log.java:13)
at utils.logs.Log.info(Log.java:13)
at utils.logs.Log.info(Log.java:13)
at utils.logs.Log.info(Log.java:13)
at utils.logs.Log.info(Log.java:13)
at utils.logs.Log.info(Log.java:13)
at utils.logs.Log.info(Log.java:13)
at utils.logs.Log.info(Log.java:13)
at utils.logs.Log.info(Log.java:13)
at utils.logs.Log.info(Log.java:13)
at utils.logs.Log.info(Log.java:13)
at utils.logs.Log.info(Log.java:13)
at utils.logs.Log.info(Log.java:13)
at utils.logs.Log.info(Log.java:13)
at utils.logs.Log.info(Log.java:13)
at utils.logs.Log.info(Log.java:13)
at utils.logs.Log.info(Log.java:13)
at utils.logs.Log.info(Log.java:13)
at utils.logs.Log.info(Log.java:13)
at utils.logs.Log.info(Log.java:13)
at utils.logs.Log.info(Log.java:13)
at utils.logs.Log.info(Log.java:13)
at utils.logs.Log.info(Log.java:13)
at utils.logs.Log.info(Log.java:13)
at utils.logs.Log.info(Log.java:13)
at utils.logs.Log.info(Log.java:13)
at utils.logs.Log.info(Log.java:13)
at utils.logs.Log.info(Log.java:13)
at utils.logs.Log.info(Log.java:13)
at utils.logs.Log.info(Log.java:13)
at utils.logs.Log.info(Log.java:13)
at utils.logs.Log.info(Log.java:13)
at utils.logs.Log.info(Log.java:13)
at utils.logs.Log.info(Log.java:13)
at utils.logs.Log.info(Log.java:13)
at utils.logs.Log.info(Log.java:13)
at utils.logs.Log.info(Log.java:13)
at utils.logs.Log.info(Log.java:13)
at utils.logs.Log.info(Log.java:13)
at utils.logs.Log.info(Log.java:13)
at utils.logs.Log.info(Log.java:13)
at utils.logs.Log.info(Log.java:13)
at utils.logs.Log.info(Log.java:13)
at utils.logs.Log.info(Log.java:13)
at utils.logs.Log.info(Log.java:13)
at utils.logs.Log.info(Log.java:13)
at utils.logs.Log.info(Log.java:13)
at utils.logs.Log.info(Log.java:13)
at utils.logs.Log.info(Log.java:13)
at utils.logs.Log.info(Log.java:13)
at utils.logs.Log.info(Log.java:13)
at utils.logs.Log.info(Log.java:13)
at utils.logs.Log.info(Log.java:13)
at utils.logs.Log.info(Log.java:13)
at utils.logs.Log.info(Log.java:13)
at utils.logs.Log.info(Log.java:13)
at utils.logs.Log.info(Log.java:13)
at utils.logs.Log.info(Log.java:13)
at utils.logs.Log.info(Log.java:13)
at utils.logs.Log.info(Log.java:13)
at utils.logs.Log.info(Log.java:13)
at utils.logs.Log.info(Log.java:13)
at utils.logs.Log.info(Log.java:13)
at utils.logs.Log.info(Log.java:13)
at utils.logs.Log.info(Log.java:13)
at utils.logs.Log.info(Log.java:13)
at utils.logs.Log.info(Log.java:13)
at utils.logs.Log.info(Log.java:13)
at utils.logs.Log.info(Log.java:13)
at utils.logs.Log.info(Log.java:13)
at utils.logs.Log.info(Log.java:13)
at utils.logs.Log.info(Log.java:13)
at utils.logs.Log.info(Log.java:13)
at utils.logs.Log.info(Log.java:13)
at utils.logs.Log.info(Log.java:13)
at utils.logs.Log.info(Log.java:13)
at utils.logs.Log.info(Log.java:13)
at utils.logs.Log.info(Log.java:13)
at utils.logs.Log.info(Log.java:13)
at utils.logs.Log.info(Log.java:13)
at utils.logs.Log.info(Log.java:13)
at utils.logs.Log.info(Log.java:13)
at utils.logs.Log.info(Log.java:13)
at utils.logs.Log.info(Log.java:13)
at utils.logs.Log.info(Log.java:13)
at utils.logs.Log.info(Log.java:13)
at utils.logs.Log.info(Log.java:13)
at utils.logs.Log.info(Log.java:13)
at utils.logs.Log.info(Log.java:13)
at utils.logs.Log.info(Log.java:13)
at utils.logs.Log.info(Log.java:13)
at utils.logs.Log.info(Log.java:13)
at utils.logs.Log.info(Log.java:13)
at utils.logs.Log.info(Log.java:13)
at utils.logs.Log.info(Log.java:13)
at utils.logs.Log.info(Log.java:13)
at utils.logs.Log.info(Log.java:13)
at utils.logs.Log.info(Log.java:13)
at utils.logs.Log.info(Log.java:13)
at utils.logs.Log.info(Log.java:13)
at utils.logs.Log.info(Log.java:13)
at utils.logs.Log.info(Log.java:13)
at utils.logs.Log.info(Log.java:13)
at utils.logs.Log.info(Log.java:13)
at utils.logs.Log.info(Log.java:13)
at utils.logs.Log.info(Log.java:13)
at utils.logs.Log.info(Log.java:13)
at utils.logs.Log.info(Log.java:13)
at utils.logs.Log.info(Log.java:13)
at utils.logs.Log.info(Log.java:13)
at utils.logs.Log.info(Log.java:13)
at utils.logs.Log.info(Log.java:13)
at utils.logs.Log.info(Log.java:13)
at utils.logs.Log.info(Log.java:13)
at utils.logs.Log.info(Log.java:13)
at utils.logs.Log.info(Log.java:13)
at utils.logs.Log.info(Log.java:13)
at utils.logs.Log.info(Log.java:13)
at utils.logs.Log.info(Log.java:13)
at utils.logs.Log.info(Log.java:13)
at utils.logs.Log.info(Log.java:13)
at utils.logs.Log.info(Log.java:13)
at utils.logs.Log.info(Log.java:13)
at utils.logs.Log.info(Log.java:13)
at utils.logs.Log.info(Log.java:13)
at utils.logs.Log.info(Log.java:13)
at utils.logs.Log.info(Log.java:13)
at utils.logs.Log.info(Log.java:13)
at utils.logs.Log.info(Log.java:13)
at utils.logs.Log.info(Log.java:13)
at utils.logs.Log.info(Log.java:13)
at utils.logs.Log.info(Log.java:13)
at utils.logs.Log.info(Log.java:13)
at utils.logs.Log.info(Log.java:13)
at utils.logs.Log.info(Log.java:13)
at utils.logs.Log.info(Log.java:13)
at utils.logs.Log.info(Log.java:13)
at utils.logs.Log.info(Log.java:13)
at utils.logs.Log.info(Log.java:13)
at utils.logs.Log.info(Log.java:13)
at utils.logs.Log.info(Log.java:13)
at utils.logs.Log.info(Log.java:13)
at utils.logs.Log.info(Log.java:13)
at utils.logs.Log.info(Log.java:13)
at utils.logs.Log.info(Log.java:13)
at utils.logs.Log.info(Log.java:13)
at utils.logs.Log.info(Log.java:13)
at utils.logs.Log.info(Log.java:13)
at utils.logs.Log.info(Log.java:13)
at utils.logs.Log.info(Log.java:13)
at utils.logs.Log.info(Log.java:13)
at utils.logs.Log.info(Log.java:13)
at utils.logs.Log.info(Log.java:13)
at utils.logs.Log.info(Log.java:13)
at utils.logs.Log.info(Log.java:13)
at utils.logs.Log.info(Log.java:13)
at utils.logs.Log.info(Log.java:13)
at utils.logs.Log.info(Log.java:13)
at utils.logs.Log.info(Log.java:13)
at utils.logs.Log.info(Log.java:13)
at utils.logs.Log.info(Log.java:13)
at utils.logs.Log.info(Log.java:13)
at utils.logs.Log.info(Log.java:13)
at utils.logs.Log.info(Log.java:13)
at utils.logs.Log.info(Log.java:13)
at utils.logs.Log.info(Log.java:13)
at utils.logs.Log.info(Log.java:13)
at utils.logs.Log.info(Log.java:13)
at utils.logs.Log.info(Log.java:13)
at utils.logs.Log.info(Log.java:13)
at utils.logs.Log.info(Log.java:13)
at utils.logs.Log.info(Log.java:13)
at utils.logs.Log.info(Log.java:13)
at utils.logs.Log.info(Log.java:13)
at utils.logs.Log.info(Log.java:13)
at utils.logs.Log.info(Log.java:13)
at utils.logs.Log.info(Log.java:13)
at utils.logs.Log.info(Log.java:13)
at utils.logs.Log.info(Log.java:13)
at utils.logs.Log.info(Log.java:13)
at utils.logs.Log.info(Log.java:13)
at utils.logs.Log.info(Log.java:13)
at utils.logs.Log.info(Log.java:13)
at utils.logs.Log.info(Log.java:13)
at utils.logs.Log.info(Log.java:13)
at utils.logs.Log.info(Log.java:13)
at utils.logs.Log.info(Log.java:13)
at utils.logs.Log.info(Log.java:13)
at utils.logs.Log.info(Log.java:13)
at utils.logs.Log.info(Log.java:13)
at utils.logs.Log.info(Log.java:13)
at utils.logs.Log.info(Log.java:13)
at utils.logs.Log.info(Log.java:13)
at utils.logs.Log.info(Log.java:13)
at utils.logs.Log.info(Log.java:13)
at utils.logs.Log.info(Log.java:13)
at utils.logs.Log.info(Log.java:13)
at utils.logs.Log.info(Log.java:13)
at utils.logs.Log.info(Log.java:13)
at utils.logs.Log.info(Log.java:13)
at utils.logs.Log.info(Log.java:13)
at utils.logs.Log.info(Log.java:13)
at utils.logs.Log.info(Log.java:13)
at utils.logs.Log.info(Log.java:13)
at utils.logs.Log.info(Log.java:13)
at utils.logs.Log.info(Log.java:13)
at utils.logs.Log.info(Log.java:13)
at utils.logs.Log.info(Log.java:13)
at utils.logs.Log.info(Log.java:13)
at utils.logs.Log.info(Log.java:13)
at utils.logs.Log.info(Log.java:13)
at utils.logs.Log.info(Log.java:13)
at utils.logs.Log.info(Log.java:13)
at utils.logs.Log.info(Log.java:13)
at utils.logs.Log.info(Log.java:13)
at utils.logs.Log.info(Log.java:13)
at utils.logs.Log.info(Log.java:13)
at utils.logs.Log.info(Log.java:13)
at utils.logs.Log.info(Log.java:13)
at utils.logs.Log.info(Log.java:13)
at utils.logs.Log.info(Log.java:13)
at utils.logs.Log.info(Log.java:13)
at utils.logs.Log.info(Log.java:13)
at utils.logs.Log.info(Log.java:13)
at utils.logs.Log.info(Log.java:13)
at utils.logs.Log.info(Log.java:13)
at utils.logs.Log.info(Log.java:13)
at utils.logs.Log.info(Log.java:13)
at utils.logs.Log.info(Log.java:13)
at utils.logs.Log.info(Log.java:13)
at utils.logs.Log.info(Log.java:13)
at utils.logs.Log.info(Log.java:13)
at utils.logs.Log.info(Log.java:13)
at utils.logs.Log.info(Log.java:13)
at utils.logs.Log.info(Log.java:13)
at utils.logs.Log.info(Log.java:13)
at utils.logs.Log.info(Log.java:13)
at utils.logs.Log.info(Log.java:13)
at utils.logs.Log.info(Log.java:13)
at utils.logs.Log.info(Log.java:13)
at utils.logs.Log.info(Log.java:13)
at utils.logs.Log.info(Log.java:13)
at utils.logs.Log.info(Log.java:13)
at utils.logs.Log.info(Log.java:13)
at utils.logs.Log.info(Log.java:13)
at utils.logs.Log.info(Log.java:13)
at utils.logs.Log.info(Log.java:13)
at utils.logs.Log.info(Log.java:13)
at utils.logs.Log.info(Log.java:13)
at utils.logs.Log.info(Log.java:13)
at utils.logs.Log.info(Log.java:13)
at utils.logs.Log.info(Log.java:13)
at utils.logs.Log.info(Log.java:13)
at utils.logs.Log.info(Log.java:13)
at utils.logs.Log.info(Log.java:13)
at utils.logs.Log.info(Log.java:13)
at utils.logs.Log.info(Log.java:13)
at utils.logs.Log.info(Log.java:13)
at utils.logs.Log.info(Log.java:13)
at utils.logs.Log.info(Log.java:13)
at utils.logs.Log.info(Log.java:13)
at utils.logs.Log.info(Log.java:13)
at utils.logs.Log.info(Log.java:13)
at utils.logs.Log.info(Log.java:13)
at utils.logs.Log.info(Log.java:13)
at utils.logs.Log.info(Log.java:13)
at utils.logs.Log.info(Log.java:13)
at utils.logs.Log.info(Log.java:13)
at utils.logs.Log.info(Log.java:13)
at utils.logs.Log.info(Log.java:13)
at utils.logs.Log.info(Log.java:13)
at utils.logs.Log.info(Log.java:13)
at utils.logs.Log.info(Log.java:13)
at utils.logs.Log.info(Log.java:13)
at utils.logs.Log.info(Log.java:13)
at utils.logs.Log.info(Log.java:13)
at utils.logs.Log.info(Log.java:13)
at utils.logs.Log.info(Log.java:13)
at utils.logs.Log.info(Log.java:13)
at utils.logs.Log.info(Log.java:13)
at utils.logs.Log.info(Log.java:13)
at utils.logs.Log.info(Log.java:13)
at utils.logs.Log.info(Log.java:13)
at utils.logs.Log.info(Log.java:13)
at utils.logs.Log.info(Log.java:13)
at utils.logs.Log.info(Log.java:13)
at utils.logs.Log.info(Log.java:13)
at utils.logs.Log.info(Log.java:13)
at utils.logs.Log.info(Log.java:13)
at utils.logs.Log.info(Log.java:13)
at utils.logs.Log.info(Log.java:13)
at utils.logs.Log.info(Log.java:13)
at utils.logs.Log.info(Log.java:13)
at utils.logs.Log.info(Log.java:13)
at utils.logs.Log.info(Log.java:13)
at utils.logs.Log.info(Log.java:13)
at utils.logs.Log.info(Log.java:13)
at utils.logs.Log.info(Log.java:13)
at utils.logs.Log.info(Log.java:13)
at utils.logs.Log.info(Log.java:13)
at utils.logs.Log.info(Log.java:13)
at utils.logs.Log.info(Log.java:13)
at utils.logs.Log.info(Log.java:13)
at utils.logs.Log.info(Log.java:13)
at utils.logs.Log.info(Log.java:13)
at utils.logs.Log.info(Log.java:13)
at utils.logs.Log.info(Log.java:13)
at utils.logs.Log.info(Log.java:13)
at utils.logs.Log.info(Log.java:13)
at utils.logs.Log.info(Log.java:13)
at utils.logs.Log.info(Log.java:13)
at utils.logs.Log.info(Log.java:13)
at utils.logs.Log.info(Log.java:13)
at utils.logs.Log.info(Log.java:13)
at utils.logs.Log.info(Log.java:13)
at utils.logs.Log.info(Log.java:13)
at utils.logs.Log.info(Log.java:13)
at utils.logs.Log.info(Log.java:13)
at utils.logs.Log.info(Log.java:13)
at utils.logs.Log.info(Log.java:13)
at utils.logs.Log.info(Log.java:13)
at utils.logs.Log.info(Log.java:13)
at utils.logs.Log.info(Log.java:13)
at utils.logs.Log.info(Log.java:13)
at utils.logs.Log.info(Log.java:13)
at utils.logs.Log.info(Log.java:13)
at utils.logs.Log.info(Log.java:13)
at utils.logs.Log.info(Log.java:13)
at utils.logs.Log.info(Log.java:13)
at utils.logs.Log.info(Log.java:13)
at utils.logs.Log.info(Log.java:13)
at utils.logs.Log.info(Log.java:13)
at utils.logs.Log.info(Log.java:13)
at utils.logs.Log.info(Log.java:13)
at utils.logs.Log.info(Log.java:13)
at utils.logs.Log.info(Log.java:13)
at utils.logs.Log.info(Log.java:13)
at utils.logs.Log.info(Log.java:13)
at utils.logs.Log.info(Log.java:13)
at utils.logs.Log.info(Log.java:13)
at utils.logs.Log.info(Log.java:13)
at utils.logs.Log.info(Log.java:13)
at utils.logs.Log.info(Log.java:13)
at utils.logs.Log.info(Log.java:13)
at utils.logs.Log.info(Log.java:13)
at utils.logs.Log.info(Log.java:13)
at utils.logs.Log.info(Log.java:13)
at utils.logs.Log.info(Log.java:13)
at utils.logs.Log.info(Log.java:13)
at utils.logs.Log.info(Log.java:13)
at utils.logs.Log.info(Log.java:13)
at utils.logs.Log.info(Log.java:13)
at utils.logs.Log.info(Log.java:13)
at utils.logs.Log.info(Log.java:13)
at utils.logs.Log.info(Log.java:13)
at utils.logs.Log.info(Log.java:13)
at utils.logs.Log.info(Log.java:13)
at utils.logs.Log.info(Log.java:13)
at utils.logs.Log.info(Log.java:13)
at utils.logs.Log.info(Log.java:13)
at utils.logs.Log.info(Log.java:13)
at utils.logs.Log.info(Log.java:13)
at utils.logs.Log.info(Log.java:13)
at utils.logs.Log.info(Log.java:13)
at utils.logs.Log.info(Log.java:13)
at utils.logs.Log.info(Log.java:13)
at utils.logs.Log.info(Log.java:13)
at utils.logs.Log.info(Log.java:13)
at utils.logs.Log.info(Log.java:13)
at utils.logs.Log.info(Log.java:13)
at utils.logs.Log.info(Log.java:13)
at utils.logs.Log.info(Log.java:13)
at utils.logs.Log.info(Log.java:13)
at utils.logs.Log.info(Log.java:13)
at utils.logs.Log.info(Log.java:13)
at utils.logs.Log.info(Log.java:13)
at utils.logs.Log.info(Log.java:13)
at utils.logs.Log.info(Log.java:13)
at utils.logs.Log.info(Log.java:13)
at utils.logs.Log.info(Log.java:13)
at utils.logs.Log.info(Log.java:13)
at utils.logs.Log.info(Log.java:13)
at utils.logs.Log.info(Log.java:13)
at utils.logs.Log.info(Log.java:13)
at utils.logs.Log.info(Log.java:13)
at utils.logs.Log.info(Log.java:13)
at utils.logs.Log.info(Log.java:13)
at utils.logs.Log.info(Log.java:13)
at utils.logs.Log.info(Log.java:13)
at utils.logs.Log.info(Log.java:13)
at utils.logs.Log.info(Log.java:13)
at utils.logs.Log.info(Log.java:13)
at utils.logs.Log.info(Log.java:13)
at utils.logs.Log.info(Log.java:13)
at utils.logs.Log.info(Log.java:13)
at utils.logs.Log.info(Log.java:13)
at utils.logs.Log.info(Log.java:13)
at utils.logs.Log.info(Log.java:13)
at utils.logs.Log.info(Log.java:13)
at utils.logs.Log.info(Log.java:13)
at utils.logs.Log.info(Log.java:13)
at utils.logs.Log.info(Log.java:13)
at utils.logs.Log.info(Log.java:13)
at utils.logs.Log.info(Log.java:13)
at utils.logs.Log.info(Log.java:13)
at utils.logs.Log.info(Log.java:13)
at utils.logs.Log.info(Log.java:13)
at utils.logs.Log.info(Log.java:13)
at utils.logs.Log.info(Log.java:13)
at utils.logs.Log.info(Log.java:13)
at utils.logs.Log.info(Log.java:13)
at utils.logs.Log.info(Log.java:13)
at utils.logs.Log.info(Log.java:13)
at utils.logs.Log.info(Log.java:13)
at utils.logs.Log.info(Log.java:13)
at utils.logs.Log.info(Log.java:13)
at utils.logs.Log.info(Log.java:13)
at utils.logs.Log.info(Log.java:13)
at utils.logs.Log.info(Log.java:13)
at utils.logs.Log.info(Log.java:13)
at utils.logs.Log.info(Log.java:13)
at utils.logs.Log.info(Log.java:13)
at utils.logs.Log.info(Log.java:13)
at utils.logs.Log.info(Log.java:13)
at utils.logs.Log.info(Log.java:13)
at utils.logs.Log.info(Log.java:13)
at utils.logs.Log.info(Log.java:13)
at utils.logs.Log.info(Log.java:13)
at utils.logs.Log.info(Log.java:13)
at utils.logs.Log.info(Log.java:13)
at utils.logs.Log.info(Log.java:13)
at utils.logs.Log.info(Log.java:13)
at utils.logs.Log.info(Log.java:13)
at utils.logs.Log.info(Log.java:13)
at utils.logs.Log.info(Log.java:13)
at utils.logs.Log.info(Log.java:13)
at utils.logs.Log.info(Log.java:13)
at utils.logs.Log.info(Log.java:13)
at utils.logs.Log.info(Log.java:13)
at utils.logs.Log.info(Log.java:13)
at utils.logs.Log.info(Log.java:13)
at utils.logs.Log.info(Log.java:13)
at utils.logs.Log.info(Log.java:13)
at utils.logs.Log.info(Log.java:13)
at utils.logs.Log.info(Log.java:13)
at utils.logs.Log.info(Log.java:13)
at utils.logs.Log.info(Log.java:13)
at utils.logs.Log.info(Log.java:13)
at utils.logs.Log.info(Log.java:13)
at utils.logs.Log.info(Log.java:13)
at utils.logs.Log.info(Log.java:13)
at utils.logs.Log.info(Log.java:13)
at utils.logs.Log.info(Log.java:13)
at utils.logs.Log.info(Log.java:13)
at utils.logs.Log.info(Log.java:13)
at utils.logs.Log.info(Log.java:13)
at utils.logs.Log.info(Log.java:13)
at utils.logs.Log.info(Log.java:13)
at utils.logs.Log.info(Log.java:13)
at utils.logs.Log.info(Log.java:13)
at utils.logs.Log.info(Log.java:13)
at utils.logs.Log.info(Log.java:13)
at utils.logs.Log.info(Log.java:13)
at utils.logs.Log.info(Log.java:13)
at utils.logs.Log.info(Log.java:13)
at utils.logs.Log.info(Log.java:13)
at utils.logs.Log.info(Log.java:13)
at utils.logs.Log.info(Log.java:13)
at utils.logs.Log.info(Log.java:13)
at utils.logs.Log.info(Log.java:13)
at utils.logs.Log.info(Log.java:13)
at utils.logs.Log.info(Log.java:13)
at utils.logs.Log.info(Log.java:13)
at utils.logs.Log.info(Log.java:13)
at utils.logs.Log.info(Log.java:13)
at utils.logs.Log.info(Log.java:13)
at utils.logs.Log.info(Log.java:13)
at utils.logs.Log.info(Log.java:13)
at utils.logs.Log.info(Log.java:13)
at utils.logs.Log.info(Log.java:13)
at utils.logs.Log.info(Log.java:13)
at utils.logs.Log.info(Log.java:13)
at utils.logs.Log.info(Log.java:13)
at utils.logs.Log.info(Log.java:13)
at utils.logs.Log.info(Log.java:13)
at utils.logs.Log.info(Log.java:13)
at utils.logs.Log.info(Log.java:13)
at utils.logs.Log.info(Log.java:13)
at utils.logs.Log.info(Log.java:13)
at utils.logs.Log.info(Log.java:13)
at utils.logs.Log.info(Log.java:13)
at utils.logs.Log.info(Log.java:13)
at utils.logs.Log.info(Log.java:13)
at utils.logs.Log.info(Log.java:13)
at utils.logs.Log.info(Log.java:13)
at utils.logs.Log.info(Log.java:13)
at utils.logs.Log.info(Log.java:13)
at utils.logs.Log.info(Log.java:13)
at utils.logs.Log.info(Log.java:13)
at utils.logs.Log.info(Log.java:13)
at utils.logs.Log.info(Log.java:13)
at utils.logs.Log.info(Log.java:13)
at utils.logs.Log.info(Log.java:13)
at utils.logs.Log.info(Log.java:13)
at utils.logs.Log.info(Log.java:13)
at utils.logs.Log.info(Log.java:13)
at utils.logs.Log.info(Log.java:13)
at utils.logs.Log.info(Log.java:13)
at utils.logs.Log.info(Log.java:13)
at utils.logs.Log.info(Log.java:13)
at utils.logs.Log.info(Log.java:13)
at utils.logs.Log.info(Log.java:13)
at utils.logs.Log.info(Log.java:13)
at utils.logs.Log.info(Log.java:13)
]]>
    </error>
  </testcase> <!-- before -->
</testsuite> <!-- test_runner.TestRunner -->
